Using pre-set license
Built from '2020.3/staging' branch; Version is '2020.3.26f1 (7298b473bc1a) revision 7510196'; Using compiler version '192528614'; Build Type 'Release'
OS: 'Windows 10  (10.0.19042) 64bit Core' Language: 'en' Physical Memory: 32583 MB
BatchMode: 1, IsHumanControllingUs: 0, StartBugReporterOnCrash: 0, Is64bit: 1, IsPro: 0

COMMAND LINE ARGUMENTS:
D:\Unity Hub\2020.3.26f1\Editor\Unity.exe
-adb2
-batchMode
-noUpm
-name
AssetImportWorker0
-projectPath
D:/Unity Devs/SS_HeroBorn_Production
-logFile
Logs/AssetImportWorker0.log
-srvPort
59001
Successfully changed project path to: D:/Unity Devs/SS_HeroBorn_Production
D:/Unity Devs/SS_HeroBorn_Production
Using Asset Import Pipeline V2.
Refreshing native plugins compatible for Editor in 21.60 ms, found 2 plugins.
Preloading 0 native plugins for Editor in 0.00 ms.
Initialize engine version: 2020.3.26f1 (7298b473bc1a)
[Subsystems] Discovering subsystems at path D:/Unity Hub/2020.3.26f1/Editor/Data/Resources/UnitySubsystems
[Subsystems] Discovering subsystems at path D:/Unity Devs/SS_HeroBorn_Production/Assets
GfxDevice: creating device client; threaded=0
Direct3D:
    Version:  Direct3D 11.0 [level 11.1]
    Renderer: NVIDIA GeForce RTX 3090 (ID=0x2204)
    Vendor:   
    VRAM:     24348 MB
    Driver:   30.0.15.1123
Initialize mono
Mono path[0] = 'D:/Unity Hub/2020.3.26f1/Editor/Data/Managed'
Mono path[1] = 'D:/Unity Hub/2020.3.26f1/Editor/Data/MonoBleedingEdge/lib/mono/unityjit'
Mono config path = 'D:/Unity Hub/2020.3.26f1/Editor/Data/MonoBleedingEdge/etc'
Using monoOptions --debugger-agent=transport=dt_socket,embedding=1,server=y,suspend=n,address=127.0.0.1:56896
Begin MonoManager ReloadAssembly
Registering precompiled unity dll's ...
Register platform support module: D:/Unity Hub/2020.3.26f1/Editor/Data/PlaybackEngines/WebGLSupport/UnityEditor.WebGL.Extensions.dll
Register platform support module: D:/Unity Hub/2020.3.26f1/Editor/Data/PlaybackEngines/WindowsStandaloneSupport/UnityEditor.WindowsStandalone.Extensions.dll
Registered in 0.000858 seconds.
Native extension for WindowsStandalone target not found
Native extension for WebGL target not found
Refreshing native plugins compatible for Editor in 21.54 ms, found 2 plugins.
Preloading 0 native plugins for Editor in 0.00 ms.
Mono: successfully reloaded assembly
- Completed reload, in  0.394 seconds
Domain Reload Profiling:
	ReloadAssembly (394ms)
		BeginReloadAssembly (35ms)
			ExecutionOrderSort (0ms)
			DisableScriptedObjects (0ms)
			BackupInstance (0ms)
			ReleaseScriptingObjects (0ms)
			CreateAndSetChildDomain (1ms)
		EndReloadAssembly (312ms)
			LoadAssemblies (35ms)
			RebuildTransferFunctionScriptingTraits (0ms)
			SetupTypeCache (109ms)
			ReleaseScriptCaches (0ms)
			RebuildScriptCaches (22ms)
			SetupLoadedEditorAssemblies (112ms)
				LogAssemblyErrors (0ms)
				InitializePlatformSupportModulesInManaged (3ms)
				SetLoadedEditorAssemblies (0ms)
				RefreshPlugins (22ms)
				BeforeProcessingInitializeOnLoad (12ms)
				ProcessInitializeOnLoadAttributes (56ms)
				ProcessInitializeOnLoadMethodAttributes (19ms)
				AfterProcessingInitializeOnLoad (0ms)
				EditorAssembliesLoaded (0ms)
			ExecutionOrderSort2 (0ms)
			AwakeInstancesAfterBackupRestoration (0ms)
Platform modules already initialized, skipping
Registering precompiled user dll's ...
Registered in 0.001888 seconds.
Begin MonoManager ReloadAssembly
Native extension for WindowsStandalone target not found
Native extension for WebGL target not found
Refreshing native plugins compatible for Editor in 0.25 ms, found 2 plugins.
Preloading 0 native plugins for Editor in 0.00 ms.
Mono: successfully reloaded assembly
- Completed reload, in  0.684 seconds
Domain Reload Profiling:
	ReloadAssembly (684ms)
		BeginReloadAssembly (98ms)
			ExecutionOrderSort (0ms)
			DisableScriptedObjects (3ms)
			BackupInstance (0ms)
			ReleaseScriptingObjects (0ms)
			CreateAndSetChildDomain (12ms)
		EndReloadAssembly (548ms)
			LoadAssemblies (56ms)
			RebuildTransferFunctionScriptingTraits (0ms)
			SetupTypeCache (195ms)
			ReleaseScriptCaches (0ms)
			RebuildScriptCaches (29ms)
			SetupLoadedEditorAssemblies (204ms)
				LogAssemblyErrors (0ms)
				InitializePlatformSupportModulesInManaged (4ms)
				SetLoadedEditorAssemblies (0ms)
				RefreshPlugins (0ms)
				BeforeProcessingInitializeOnLoad (52ms)
				ProcessInitializeOnLoadAttributes (140ms)
				ProcessInitializeOnLoadMethodAttributes (6ms)
				AfterProcessingInitializeOnLoad (2ms)
				EditorAssembliesLoaded (0ms)
			ExecutionOrderSort2 (0ms)
			AwakeInstancesAfterBackupRestoration (4ms)
Platform modules already initialized, skipping
========================================================================
Worker process is ready to serve import requests
Launched and connected shader compiler UnityShaderCompiler.exe after 0.05 seconds
Refreshing native plugins compatible for Editor in 0.25 ms, found 2 plugins.
Preloading 0 native plugins for Editor in 0.00 ms.
Unloading 1503 Unused Serialized files (Serialized files now loaded: 0)
System memory in use before: 67.4 MB.
System memory in use after: 67.5 MB.

Unloading 19 unused Assets to reduce memory usage. Loaded Objects now: 1935.
Total: 2.045200 ms (FindLiveObjects: 0.094900 ms CreateObjectMapping: 0.036100 ms MarkObjects: 1.877700 ms  DeleteObjects: 0.036000 ms)

AssetImportParameters requested are different than current active one (requested -> active):
  custom:framework-win-MediaFoundation: 216162199b28c13a410421893ffa2e32 -> 
  custom:video-decoder-ogg-theora: a1e56fd34408186e4bbccfd4996cb3dc -> 
  custom:container-muxer-webm: aa71ff27fc2769a1b78a27578f13a17b -> 
  custom:container-demuxer-webm: 4f35f7cbe854078d1ac9338744f61a02 -> 
  custom:container-demuxer-ogg: 62fdf1f143b41e24485cea50d1cbac27 -> 
  custom:video-encoder-webm-vp8: eb34c28f22e8b96e1ab97ce403110664 -> 
  custom:video-decoder-webm-vp8: 9c59270c3fd7afecdb556c50c9e8de78 -> 
  custom:audio-decoder-ogg-vorbis: bf7c407c2cedff20999df2af8eb42d56 -> 
  custom:audio-encoder-webm-vorbis: bf7c407c2cedff20999df2af8eb42d56 -> 
========================================================================
Received Import Request.
  path: Assets/Scenes
  artifactKey: Guid(0713ade72dc170d44a951b80e30e3503) Importer(815301076,1909f56bfc062723c751e8b465ee728b)
Start importing Assets/Scenes using Guid(0713ade72dc170d44a951b80e30e3503) Importer(815301076,1909f56bfc062723c751e8b465ee728b)  -> (artifact id: '3d90e74c017693bf0d91807efd0da1b5') in 0.005672 seconds 
  Import took 0.007135 seconds .

========================================================================
Received Import Request.
  Time since last request: 1154.124823 seconds.
  path: Assets
  artifactKey: Guid(00000000000000001000000000000000) Importer(815301076,1909f56bfc062723c751e8b465ee728b)
Start importing Assets using Guid(00000000000000001000000000000000) Importer(815301076,1909f56bfc062723c751e8b465ee728b)  -> (artifact id: '42d402b061de3733987d63b9cc3b64de') in 0.006102 seconds 
  Import took 0.008073 seconds .

========================================================================
Received Import Request.
  Time since last request: 7.085282 seconds.
  path: Assets/Material
  artifactKey: Guid(cefe043b90787df408763bd0bac87649) Importer(815301076,1909f56bfc062723c751e8b465ee728b)
Start importing Assets/Material using Guid(cefe043b90787df408763bd0bac87649) Importer(815301076,1909f56bfc062723c751e8b465ee728b)  -> (artifact id: 'e0f06d2f660cbfb2eecbd13757818379') in 0.004377 seconds 
  Import took 0.006067 seconds .

========================================================================
Received Import Request.
  Time since last request: 17.531855 seconds.
  path: Assets/Scripts
  artifactKey: Guid(5e909d105b3b48e4f9d58e49ddcd2ad3) Importer(815301076,1909f56bfc062723c751e8b465ee728b)
Start importing Assets/Scripts using Guid(5e909d105b3b48e4f9d58e49ddcd2ad3) Importer(815301076,1909f56bfc062723c751e8b465ee728b)  -> (artifact id: '55aa047d205da15deb91872803751111') in 0.005162 seconds 
  Import took 0.006802 seconds .

========================================================================
Received Import Request.
  Time since last request: 68.395337 seconds.
  path: Assets/Prefabs
  artifactKey: Guid(d2535eb0beb72d848b86e81061b14d3e) Importer(815301076,1909f56bfc062723c751e8b465ee728b)
Start importing Assets/Prefabs using Guid(d2535eb0beb72d848b86e81061b14d3e) Importer(815301076,1909f56bfc062723c751e8b465ee728b)  -> (artifact id: 'f99dc665e5ab325a7d94c5b99e790cb5') in 0.005120 seconds 
  Import took 0.006747 seconds .

========================================================================
Received Import Request.
  Time since last request: 191.004722 seconds.
  path: Assets/Material/Floor_Mat.mat
  artifactKey: Guid(3083b46468e4794429cbf5172797ceae) Importer(815301076,1909f56bfc062723c751e8b465ee728b)
Start importing Assets/Material/Floor_Mat.mat using Guid(3083b46468e4794429cbf5172797ceae) Importer(815301076,1909f56bfc062723c751e8b465ee728b)  -> (artifact id: '5f91f09e1a95cd3598871d36b6d51be4') in 0.079401 seconds 
  Import took 0.081398 seconds .

========================================================================
Received Import Request.
  Time since last request: 73.427188 seconds.
  path: Assets/Material/Wall_Mat.mat
  artifactKey: Guid(fad5af53a20676746b197d67e9c23330) Importer(815301076,1909f56bfc062723c751e8b465ee728b)
Start importing Assets/Material/Wall_Mat.mat using Guid(fad5af53a20676746b197d67e9c23330) Importer(815301076,1909f56bfc062723c751e8b465ee728b)  -> (artifact id: 'd809918aa21538f89e2392ab006cabf6') in 0.012783 seconds 
  Import took 0.014544 seconds .

========================================================================
Received Import Request.
  Time since last request: 63.143545 seconds.
  path: Assets/Material/New Material.mat
  artifactKey: Guid(ab969920139d2fe4c8b691873b277859) Importer(815301076,1909f56bfc062723c751e8b465ee728b)
Start importing Assets/Material/New Material.mat using Guid(ab969920139d2fe4c8b691873b277859) Importer(815301076,1909f56bfc062723c751e8b465ee728b)  -> (artifact id: '2cf92e379523eb793c6e79579e703db8') in 0.010774 seconds 
  Import took 0.012571 seconds .

========================================================================
Received Import Request.
  Time since last request: 28.546174 seconds.
  path: Assets/Material/Cylinder.mat
  artifactKey: Guid(ab969920139d2fe4c8b691873b277859) Importer(815301076,1909f56bfc062723c751e8b465ee728b)
Start importing Assets/Material/Cylinder.mat using Guid(ab969920139d2fe4c8b691873b277859) Importer(815301076,1909f56bfc062723c751e8b465ee728b)  -> (artifact id: '7659bf69d7db983c8429382b826abf2d') in 0.011656 seconds 
  Import took 0.013452 seconds .

========================================================================
Received Import Request.
  Time since last request: 8.217978 seconds.
  path: Assets/Material/Cylinder_Mat.mat
  artifactKey: Guid(ab969920139d2fe4c8b691873b277859) Importer(815301076,1909f56bfc062723c751e8b465ee728b)
Start importing Assets/Material/Cylinder_Mat.mat using Guid(ab969920139d2fe4c8b691873b277859) Importer(815301076,1909f56bfc062723c751e8b465ee728b)  -> (artifact id: '7cc7d6b6cee0ae9b639a497e2b2d83e2') in 0.017474 seconds 
  Import took 0.019410 seconds .

========================================================================
Received Import Request.
  Time since last request: 34.728618 seconds.
  path: Assets/Material/Cylinder_Mat.mat
  artifactKey: Guid(ab969920139d2fe4c8b691873b277859) Importer(815301076,1909f56bfc062723c751e8b465ee728b)
Start importing Assets/Material/Cylinder_Mat.mat using Guid(ab969920139d2fe4c8b691873b277859) Importer(815301076,1909f56bfc062723c751e8b465ee728b)  -> (artifact id: 'b6613a1b03926c6dd8e0111b72968857') in 0.007785 seconds 
  Import took 0.009604 seconds .

========================================================================
Received Import Request.
  Time since last request: 0.000101 seconds.
  path: Assets/Material/Floor_Mat.mat
  artifactKey: Guid(3083b46468e4794429cbf5172797ceae) Importer(815301076,1909f56bfc062723c751e8b465ee728b)
Start importing Assets/Material/Floor_Mat.mat using Guid(3083b46468e4794429cbf5172797ceae) Importer(815301076,1909f56bfc062723c751e8b465ee728b)  -> (artifact id: '58a83c0f13a18c33e7ab7b9b02246691') in 0.008755 seconds 
  Import took 0.010399 seconds .

========================================================================
Received Import Request.
  Time since last request: 0.000148 seconds.
  path: Assets/Material/Wall_Mat.mat
  artifactKey: Guid(fad5af53a20676746b197d67e9c23330) Importer(815301076,1909f56bfc062723c751e8b465ee728b)
Start importing Assets/Material/Wall_Mat.mat using Guid(fad5af53a20676746b197d67e9c23330) Importer(815301076,1909f56bfc062723c751e8b465ee728b)  -> (artifact id: 'a4015bed07d61bf23c90d61a73a9b99b') in 0.009919 seconds 
  Import took 0.011590 seconds .

========================================================================
Received Import Request.
  Time since last request: 276.006215 seconds.
  path: Assets/Prefabs/Barrier.prefab
  artifactKey: Guid(e1f9d8f8eee24e54fb90b9972c9a2eeb) Importer(815301076,1909f56bfc062723c751e8b465ee728b)
Start importing Assets/Prefabs/Barrier.prefab using Guid(e1f9d8f8eee24e54fb90b9972c9a2eeb) Importer(815301076,1909f56bfc062723c751e8b465ee728b)  -> (artifact id: 'caee195b787791dd2a845f8263a6b82b') in 0.021127 seconds 
  Import took 0.023298 seconds .

========================================================================
Received Import Request.
  Time since last request: 14.155133 seconds.
  path: Assets/Material/Barrier_Mat.mat
  artifactKey: Guid(408196a0392e10643a21fd5cd9d34a45) Importer(815301076,1909f56bfc062723c751e8b465ee728b)
Start importing Assets/Material/Barrier_Mat.mat using Guid(408196a0392e10643a21fd5cd9d34a45) Importer(815301076,1909f56bfc062723c751e8b465ee728b)  -> (artifact id: '5f1416b02e549db49c771e1278b296ad') in 0.012441 seconds 
  Import took 0.014274 seconds .

========================================================================
Received Import Request.
  Time since last request: 140.212710 seconds.
  path: Assets/Prefabs/Barrier.prefab
  artifactKey: Guid(e1f9d8f8eee24e54fb90b9972c9a2eeb) Importer(815301076,1909f56bfc062723c751e8b465ee728b)
Start importing Assets/Prefabs/Barrier.prefab using Guid(e1f9d8f8eee24e54fb90b9972c9a2eeb) Importer(815301076,1909f56bfc062723c751e8b465ee728b)  -> (artifact id: 'acd1411559edce478fadf5b254a3555d') in 0.012369 seconds 
  Import took 0.014281 seconds .

========================================================================
Received Import Request.
  Time since last request: 47470.163475 seconds.
  path: Assets/Prefabs/AmmoBox.prefab
  artifactKey: Guid(3f0ae4b833ebf734a8c615279925d4d3) Importer(815301076,1909f56bfc062723c751e8b465ee728b)
Start importing Assets/Prefabs/AmmoBox.prefab using Guid(3f0ae4b833ebf734a8c615279925d4d3) Importer(815301076,1909f56bfc062723c751e8b465ee728b)  -> (artifact id: 'a96ad9bd45a7cb3c9b5faa8885835f33') in 0.195028 seconds 
  Import took 0.197841 seconds .

========================================================================
Received Import Request.
  Time since last request: 21.267500 seconds.
  path: Assets/Material/Barrier_Mat.mat
  artifactKey: Guid(408196a0392e10643a21fd5cd9d34a45) Importer(815301076,1909f56bfc062723c751e8b465ee728b)
Start importing Assets/Material/Barrier_Mat.mat using Guid(408196a0392e10643a21fd5cd9d34a45) Importer(815301076,1909f56bfc062723c751e8b465ee728b)  -> (artifact id: 'c7c4cebc9982c34fb06a071c093220e5') in 0.114315 seconds 
  Import took 0.133664 seconds .

========================================================================
Received Import Request.
  Time since last request: 41.708324 seconds.
  path: Assets/Material/AmmoBox_Mat.mat
  artifactKey: Guid(18d01444dc1ca754b906d0c43ad9c08b) Importer(815301076,1909f56bfc062723c751e8b465ee728b)
Start importing Assets/Material/AmmoBox_Mat.mat using Guid(18d01444dc1ca754b906d0c43ad9c08b) Importer(815301076,1909f56bfc062723c751e8b465ee728b)  -> (artifact id: '9854ca9d9a8350dfaa75f58e7b05a4f9') in 0.033309 seconds 
  Import took 0.042743 seconds .

========================================================================
Received Import Request.
  Time since last request: 44.937019 seconds.
  path: Assets/Material/Ammo_Mat.mat
  artifactKey: Guid(7d7ca2e2ec35ce5488615fca9ec6f31e) Importer(815301076,1909f56bfc062723c751e8b465ee728b)
Start importing Assets/Material/Ammo_Mat.mat using Guid(7d7ca2e2ec35ce5488615fca9ec6f31e) Importer(815301076,1909f56bfc062723c751e8b465ee728b)  -> (artifact id: '4afe2b4c6b3568867685e37de6cd8a7f') in 0.021459 seconds 
  Import took 0.032192 seconds .

========================================================================
Received Import Request.
  Time since last request: 97.708487 seconds.
  path: Assets/Prefabs/AmmoBox.prefab
  artifactKey: Guid(3f0ae4b833ebf734a8c615279925d4d3) Importer(815301076,1909f56bfc062723c751e8b465ee728b)
Start importing Assets/Prefabs/AmmoBox.prefab using Guid(3f0ae4b833ebf734a8c615279925d4d3) Importer(815301076,1909f56bfc062723c751e8b465ee728b)  -> (artifact id: '8932acfa844ecd97ac625b11b92811cd') in 0.019545 seconds 
  Import took 0.035283 seconds .

========================================================================
Received Import Request.
  Time since last request: 308.684205 seconds.
  path: Assets/Material/New Material.mat
  artifactKey: Guid(18fce26254456d74d9e29acd454109ca) Importer(815301076,1909f56bfc062723c751e8b465ee728b)
Start importing Assets/Material/New Material.mat using Guid(18fce26254456d74d9e29acd454109ca) Importer(815301076,1909f56bfc062723c751e8b465ee728b)  -> (artifact id: 'f5369e9a396e223ed9e7298b0c53d691') in 0.028135 seconds 
  Import took 0.038672 seconds .

========================================================================
Received Import Request.
  Time since last request: 27.821548 seconds.
  path: Assets/Material/Player_Mat.mat
  artifactKey: Guid(18fce26254456d74d9e29acd454109ca) Importer(815301076,1909f56bfc062723c751e8b465ee728b)
Start importing Assets/Material/Player_Mat.mat using Guid(18fce26254456d74d9e29acd454109ca) Importer(815301076,1909f56bfc062723c751e8b465ee728b)  -> (artifact id: 'a8cc2d55c8698dd6ce3dc4c7b9259154') in 0.052912 seconds 
  Import took 0.055178 seconds .

========================================================================
Received Import Request.
  Time since last request: 79.139326 seconds.
  path: Assets/Material/Ammo_Mat.mat
  artifactKey: Guid(7d7ca2e2ec35ce5488615fca9ec6f31e) Importer(815301076,1909f56bfc062723c751e8b465ee728b)
Start importing Assets/Material/Ammo_Mat.mat using Guid(7d7ca2e2ec35ce5488615fca9ec6f31e) Importer(815301076,1909f56bfc062723c751e8b465ee728b)  -> (artifact id: '0559942676eebc6b07cc369ad8cab61c') in 0.034897 seconds 
  Import took 0.036691 seconds .

========================================================================
Received Import Request.
  Time since last request: 0.000118 seconds.
  path: Assets/Material/AmmoBox_Mat.mat
  artifactKey: Guid(18d01444dc1ca754b906d0c43ad9c08b) Importer(815301076,1909f56bfc062723c751e8b465ee728b)
Start importing Assets/Material/AmmoBox_Mat.mat using Guid(18d01444dc1ca754b906d0c43ad9c08b) Importer(815301076,1909f56bfc062723c751e8b465ee728b)  -> (artifact id: '2a9adcf6bbf124ae890e4b6b0fea561b') in 0.031625 seconds 
  Import took 0.043627 seconds .

========================================================================
Received Import Request.
  Time since last request: 46.873294 seconds.
  path: Assets/Prefabs/Player.prefab
  artifactKey: Guid(ce09528f7c4ed2b42b351dc1b7f1321c) Importer(815301076,1909f56bfc062723c751e8b465ee728b)
Start importing Assets/Prefabs/Player.prefab using Guid(ce09528f7c4ed2b42b351dc1b7f1321c) Importer(815301076,1909f56bfc062723c751e8b465ee728b)  -> (artifact id: '443bf0025bb4a6c22d10ff8a06b97604') in 0.041911 seconds 
  Import took 0.105139 seconds .

========================================================================
Received Import Request.
  Time since last request: 266.831303 seconds.
  path: Assets/Material/New Material.mat
  artifactKey: Guid(da353b17db639f64ab962879bf4b5ad4) Importer(815301076,1909f56bfc062723c751e8b465ee728b)
Start importing Assets/Material/New Material.mat using Guid(da353b17db639f64ab962879bf4b5ad4) Importer(815301076,1909f56bfc062723c751e8b465ee728b)  -> (artifact id: '5e294396a1c296c3bcbbdbba35c09419') in 0.021646 seconds 
  Import took 0.034243 seconds .

========================================================================
Received Import Request.
  Time since last request: 39.369647 seconds.
  path: Assets/Prefabs/HealthPickup.prefab
  artifactKey: Guid(26b4408c31ae1f84ab6ced8c49506b49) Importer(815301076,1909f56bfc062723c751e8b465ee728b)
Start importing Assets/Prefabs/HealthPickup.prefab using Guid(26b4408c31ae1f84ab6ced8c49506b49) Importer(815301076,1909f56bfc062723c751e8b465ee728b)  -> (artifact id: '4af7c3569bd62d493d29e2adb5ae4370') in 0.017468 seconds 
  Import took 0.019263 seconds .

========================================================================
Received Import Request.
  Time since last request: 23.993248 seconds.
  path: Assets/Prefabs/HealthPickup.prefab
  artifactKey: Guid(26b4408c31ae1f84ab6ced8c49506b49) Importer(815301076,1909f56bfc062723c751e8b465ee728b)
Start importing Assets/Prefabs/HealthPickup.prefab using Guid(26b4408c31ae1f84ab6ced8c49506b49) Importer(815301076,1909f56bfc062723c751e8b465ee728b)  -> (artifact id: '4bd7d4a9b431889a1529462976cbb949') in 0.022500 seconds 
  Import took 0.029389 seconds .

========================================================================
Received Import Request.
  Time since last request: 447.889788 seconds.
  path: Assets/Material/BigBall_Mat.mat
  artifactKey: Guid(2af23284bde01394590bd5a0e3877ba6) Importer(815301076,1909f56bfc062723c751e8b465ee728b)
Start importing Assets/Material/BigBall_Mat.mat using Guid(2af23284bde01394590bd5a0e3877ba6) Importer(815301076,1909f56bfc062723c751e8b465ee728b)  -> (artifact id: '993967831ae801e145b394442cd5d65a') in 0.028711 seconds 
  Import took 0.036252 seconds .

========================================================================
Received Import Request.
  Time since last request: 41.398333 seconds.
  path: Assets/Material/LeftBall_Mat.mat
  artifactKey: Guid(cbe18309e62326843bfcb2a2b5fe7999) Importer(815301076,1909f56bfc062723c751e8b465ee728b)
Start importing Assets/Material/LeftBall_Mat.mat using Guid(cbe18309e62326843bfcb2a2b5fe7999) Importer(815301076,1909f56bfc062723c751e8b465ee728b)  -> (artifact id: 'b4fce177eaf3178649ae33a76ffde262') in 0.036387 seconds 
  Import took 0.042901 seconds .

========================================================================
Received Import Request.
  Time since last request: 53.215329 seconds.
  path: Assets/Material/New Material 1.mat
  artifactKey: Guid(0cce215b34556394496c0ec3e9b90e95) Importer(815301076,1909f56bfc062723c751e8b465ee728b)
Start importing Assets/Material/New Material 1.mat using Guid(0cce215b34556394496c0ec3e9b90e95) Importer(815301076,1909f56bfc062723c751e8b465ee728b)  -> (artifact id: 'a0268006a15e214e7c11692d161526b0') in 0.055133 seconds 
  Import took 0.065461 seconds .

========================================================================
Received Import Request.
  Time since last request: 43.734340 seconds.
  path: Assets/Prefabs/PowerUp.prefab
  artifactKey: Guid(8946b678bfe8d5e43b6f5122e7a710d8) Importer(815301076,1909f56bfc062723c751e8b465ee728b)
Start importing Assets/Prefabs/PowerUp.prefab using Guid(8946b678bfe8d5e43b6f5122e7a710d8) Importer(815301076,1909f56bfc062723c751e8b465ee728b)  -> (artifact id: 'bf562a488242cd4c5c08bde318d6410b') in 0.021451 seconds 
  Import took 0.045401 seconds .

========================================================================
Received Prepare
Registering precompiled user dll's ...
Registered in 0.031624 seconds.
Begin MonoManager ReloadAssembly
Native extension for WindowsStandalone target not found
Native extension for WebGL target not found
Refreshing native plugins compatible for Editor in 0.26 ms, found 2 plugins.
Preloading 0 native plugins for Editor in 0.00 ms.
Mono: successfully reloaded assembly
- Completed reload, in  0.668 seconds
Domain Reload Profiling:
	ReloadAssembly (668ms)
		BeginReloadAssembly (92ms)
			ExecutionOrderSort (0ms)
			DisableScriptedObjects (3ms)
			BackupInstance (0ms)
			ReleaseScriptingObjects (0ms)
			CreateAndSetChildDomain (33ms)
		EndReloadAssembly (536ms)
			LoadAssemblies (56ms)
			RebuildTransferFunctionScriptingTraits (0ms)
			SetupTypeCache (194ms)
			ReleaseScriptCaches (1ms)
			RebuildScriptCaches (26ms)
			SetupLoadedEditorAssemblies (192ms)
				LogAssemblyErrors (0ms)
				InitializePlatformSupportModulesInManaged (4ms)
				SetLoadedEditorAssemblies (0ms)
				RefreshPlugins (0ms)
				BeforeProcessingInitializeOnLoad (49ms)
				ProcessInitializeOnLoadAttributes (130ms)
				ProcessInitializeOnLoadMethodAttributes (6ms)
				AfterProcessingInitializeOnLoad (2ms)
				EditorAssembliesLoaded (0ms)
			ExecutionOrderSort2 (0ms)
			AwakeInstancesAfterBackupRestoration (5ms)
Platform modules already initialized, skipping
Refreshing native plugins compatible for Editor in 0.25 ms, found 2 plugins.
Preloading 0 native plugins for Editor in 0.00 ms.
Unloading 1497 Unused Serialized files (Serialized files now loaded: 0)
System memory in use before: 70.8 MB.
System memory in use after: 70.9 MB.

Unloading 15 unused Assets to reduce memory usage. Loaded Objects now: 1981.
Total: 1.840100 ms (FindLiveObjects: 0.101800 ms CreateObjectMapping: 0.038100 ms MarkObjects: 1.684000 ms  DeleteObjects: 0.015500 ms)

AssetImportParameters requested are different than current active one (requested -> active):
  custom:framework-win-MediaFoundation: 216162199b28c13a410421893ffa2e32 -> 
  custom:video-decoder-ogg-theora: a1e56fd34408186e4bbccfd4996cb3dc -> 
  custom:container-muxer-webm: aa71ff27fc2769a1b78a27578f13a17b -> 
  custom:container-demuxer-webm: 4f35f7cbe854078d1ac9338744f61a02 -> 
  custom:container-demuxer-ogg: 62fdf1f143b41e24485cea50d1cbac27 -> 
  custom:video-encoder-webm-vp8: eb34c28f22e8b96e1ab97ce403110664 -> 
  custom:video-decoder-webm-vp8: 9c59270c3fd7afecdb556c50c9e8de78 -> 
  custom:audio-decoder-ogg-vorbis: bf7c407c2cedff20999df2af8eb42d56 -> 
  custom:audio-encoder-webm-vorbis: bf7c407c2cedff20999df2af8eb42d56 -> 
========================================================================
Received Prepare
Registering precompiled user dll's ...
Registered in 0.001818 seconds.
Begin MonoManager ReloadAssembly
Native extension for WindowsStandalone target not found
Native extension for WebGL target not found
Refreshing native plugins compatible for Editor in 0.26 ms, found 2 plugins.
Preloading 0 native plugins for Editor in 0.00 ms.
Mono: successfully reloaded assembly
- Completed reload, in  0.645 seconds
Domain Reload Profiling:
	ReloadAssembly (646ms)
		BeginReloadAssembly (76ms)
			ExecutionOrderSort (0ms)
			DisableScriptedObjects (3ms)
			BackupInstance (0ms)
			ReleaseScriptingObjects (0ms)
			CreateAndSetChildDomain (22ms)
		EndReloadAssembly (531ms)
			LoadAssemblies (55ms)
			RebuildTransferFunctionScriptingTraits (0ms)
			SetupTypeCache (192ms)
			ReleaseScriptCaches (1ms)
			RebuildScriptCaches (27ms)
			SetupLoadedEditorAssemblies (189ms)
				LogAssemblyErrors (0ms)
				InitializePlatformSupportModulesInManaged (4ms)
				SetLoadedEditorAssemblies (0ms)
				RefreshPlugins (0ms)
				BeforeProcessingInitializeOnLoad (47ms)
				ProcessInitializeOnLoadAttributes (130ms)
				ProcessInitializeOnLoadMethodAttributes (6ms)
				AfterProcessingInitializeOnLoad (2ms)
				EditorAssembliesLoaded (0ms)
			ExecutionOrderSort2 (0ms)
			AwakeInstancesAfterBackupRestoration (5ms)
Platform modules already initialized, skipping
Refreshing native plugins compatible for Editor in 0.23 ms, found 2 plugins.
Preloading 0 native plugins for Editor in 0.00 ms.
Unloading 1497 Unused Serialized files (Serialized files now loaded: 0)
System memory in use before: 70.8 MB.
System memory in use after: 71.0 MB.

Unloading 14 unused Assets to reduce memory usage. Loaded Objects now: 1983.
Total: 1.814100 ms (FindLiveObjects: 0.097700 ms CreateObjectMapping: 0.036700 ms MarkObjects: 1.667400 ms  DeleteObjects: 0.011700 ms)

AssetImportParameters requested are different than current active one (requested -> active):
  custom:framework-win-MediaFoundation: 216162199b28c13a410421893ffa2e32 -> 
  custom:video-decoder-ogg-theora: a1e56fd34408186e4bbccfd4996cb3dc -> 
  custom:container-muxer-webm: aa71ff27fc2769a1b78a27578f13a17b -> 
  custom:container-demuxer-webm: 4f35f7cbe854078d1ac9338744f61a02 -> 
  custom:container-demuxer-ogg: 62fdf1f143b41e24485cea50d1cbac27 -> 
  custom:video-encoder-webm-vp8: eb34c28f22e8b96e1ab97ce403110664 -> 
  custom:video-decoder-webm-vp8: 9c59270c3fd7afecdb556c50c9e8de78 -> 
  custom:audio-decoder-ogg-vorbis: bf7c407c2cedff20999df2af8eb42d56 -> 
  custom:audio-encoder-webm-vorbis: bf7c407c2cedff20999df2af8eb42d56 -> 
========================================================================
Received Import Request.
  Time since last request: 2232.139877 seconds.
  path: Assets/Material/BigBall_Mat.mat
  artifactKey: Guid(2af23284bde01394590bd5a0e3877ba6) Importer(815301076,1909f56bfc062723c751e8b465ee728b)
Start importing Assets/Material/BigBall_Mat.mat using Guid(2af23284bde01394590bd5a0e3877ba6) Importer(815301076,1909f56bfc062723c751e8b465ee728b)  -> (artifact id: 'bd71c26fa89ac5df7d5b2e3f8af9e4dd') in 0.052685 seconds 
  Import took 0.055022 seconds .

========================================================================
Received Import Request.
  Time since last request: 0.000180 seconds.
  path: Assets/Material/LeftBall_Mat.mat
  artifactKey: Guid(cbe18309e62326843bfcb2a2b5fe7999) Importer(815301076,1909f56bfc062723c751e8b465ee728b)
Start importing Assets/Material/LeftBall_Mat.mat using Guid(cbe18309e62326843bfcb2a2b5fe7999) Importer(815301076,1909f56bfc062723c751e8b465ee728b)  -> (artifact id: '6fde8eb98dd77f88e1efc36c79989801') in 0.008205 seconds 
  Import took 0.009912 seconds .

========================================================================
Received Import Request.
  Time since last request: 0.000110 seconds.
  path: Assets/Material/New Material 1.mat
  artifactKey: Guid(0cce215b34556394496c0ec3e9b90e95) Importer(815301076,1909f56bfc062723c751e8b465ee728b)
Start importing Assets/Material/New Material 1.mat using Guid(0cce215b34556394496c0ec3e9b90e95) Importer(815301076,1909f56bfc062723c751e8b465ee728b)  -> (artifact id: '66ab10a411dd554107b711ac2657f5f6') in 0.012930 seconds 
  Import took 0.014678 seconds .

========================================================================
Received Import Request.
  Time since last request: 13.441332 seconds.
  path: Assets/Scripts/PlayerBehavior.cs
  artifactKey: Guid(a9821202eee8ea34c99faf6f94e1b341) Importer(815301076,1909f56bfc062723c751e8b465ee728b)
Start importing Assets/Scripts/PlayerBehavior.cs using Guid(a9821202eee8ea34c99faf6f94e1b341) Importer(815301076,1909f56bfc062723c751e8b465ee728b)  -> (artifact id: 'e38c644e601bd1d4c99d55ff22718d30') in 0.011452 seconds 
  Import took 0.013344 seconds .

========================================================================
Received Prepare
Registering precompiled user dll's ...
Registered in 0.001898 seconds.
Begin MonoManager ReloadAssembly
Native extension for WindowsStandalone target not found
Native extension for WebGL target not found
Refreshing native plugins compatible for Editor in 0.27 ms, found 2 plugins.
Preloading 0 native plugins for Editor in 0.00 ms.
Mono: successfully reloaded assembly
- Completed reload, in  0.665 seconds
Domain Reload Profiling:
	ReloadAssembly (666ms)
		BeginReloadAssembly (80ms)
			ExecutionOrderSort (0ms)
			DisableScriptedObjects (3ms)
			BackupInstance (0ms)
			ReleaseScriptingObjects (0ms)
			CreateAndSetChildDomain (24ms)
		EndReloadAssembly (545ms)
			LoadAssemblies (57ms)
			RebuildTransferFunctionScriptingTraits (0ms)
			SetupTypeCache (197ms)
			ReleaseScriptCaches (1ms)
			RebuildScriptCaches (27ms)
			SetupLoadedEditorAssemblies (195ms)
				LogAssemblyErrors (0ms)
				InitializePlatformSupportModulesInManaged (4ms)
				SetLoadedEditorAssemblies (0ms)
				RefreshPlugins (0ms)
				BeforeProcessingInitializeOnLoad (49ms)
				ProcessInitializeOnLoadAttributes (135ms)
				ProcessInitializeOnLoadMethodAttributes (6ms)
				AfterProcessingInitializeOnLoad (2ms)
				EditorAssembliesLoaded (0ms)
			ExecutionOrderSort2 (0ms)
			AwakeInstancesAfterBackupRestoration (5ms)
Platform modules already initialized, skipping
Refreshing native plugins compatible for Editor in 0.26 ms, found 2 plugins.
Preloading 0 native plugins for Editor in 0.00 ms.
Unloading 1498 Unused Serialized files (Serialized files now loaded: 0)
System memory in use before: 70.9 MB.
System memory in use after: 71.0 MB.

Unloading 14 unused Assets to reduce memory usage. Loaded Objects now: 1987.
Total: 1.917800 ms (FindLiveObjects: 0.098700 ms CreateObjectMapping: 0.038900 ms MarkObjects: 1.767800 ms  DeleteObjects: 0.011700 ms)

AssetImportParameters requested are different than current active one (requested -> active):
  custom:framework-win-MediaFoundation: 216162199b28c13a410421893ffa2e32 -> 
  custom:video-decoder-ogg-theora: a1e56fd34408186e4bbccfd4996cb3dc -> 
  custom:container-muxer-webm: aa71ff27fc2769a1b78a27578f13a17b -> 
  custom:container-demuxer-webm: 4f35f7cbe854078d1ac9338744f61a02 -> 
  custom:container-demuxer-ogg: 62fdf1f143b41e24485cea50d1cbac27 -> 
  custom:video-encoder-webm-vp8: eb34c28f22e8b96e1ab97ce403110664 -> 
  custom:video-decoder-webm-vp8: 9c59270c3fd7afecdb556c50c9e8de78 -> 
  custom:audio-decoder-ogg-vorbis: bf7c407c2cedff20999df2af8eb42d56 -> 
  custom:audio-encoder-webm-vorbis: bf7c407c2cedff20999df2af8eb42d56 -> 
========================================================================
Received Prepare
Registering precompiled user dll's ...
Registered in 0.001838 seconds.
Begin MonoManager ReloadAssembly
Native extension for WindowsStandalone target not found
Native extension for WebGL target not found
Refreshing native plugins compatible for Editor in 0.25 ms, found 2 plugins.
Preloading 0 native plugins for Editor in 0.00 ms.
Mono: successfully reloaded assembly
- Completed reload, in  0.657 seconds
Domain Reload Profiling:
	ReloadAssembly (657ms)
		BeginReloadAssembly (79ms)
			ExecutionOrderSort (0ms)
			DisableScriptedObjects (3ms)
			BackupInstance (0ms)
			ReleaseScriptingObjects (0ms)
			CreateAndSetChildDomain (21ms)
		EndReloadAssembly (538ms)
			LoadAssemblies (56ms)
			RebuildTransferFunctionScriptingTraits (0ms)
			SetupTypeCache (200ms)
			ReleaseScriptCaches (1ms)
			RebuildScriptCaches (26ms)
			SetupLoadedEditorAssemblies (190ms)
				LogAssemblyErrors (0ms)
				InitializePlatformSupportModulesInManaged (4ms)
				SetLoadedEditorAssemblies (0ms)
				RefreshPlugins (0ms)
				BeforeProcessingInitializeOnLoad (47ms)
				ProcessInitializeOnLoadAttributes (131ms)
				ProcessInitializeOnLoadMethodAttributes (6ms)
				AfterProcessingInitializeOnLoad (2ms)
				EditorAssembliesLoaded (0ms)
			ExecutionOrderSort2 (0ms)
			AwakeInstancesAfterBackupRestoration (5ms)
Platform modules already initialized, skipping
Refreshing native plugins compatible for Editor in 0.24 ms, found 2 plugins.
Preloading 0 native plugins for Editor in 0.00 ms.
Unloading 1498 Unused Serialized files (Serialized files now loaded: 0)
System memory in use before: 70.9 MB.
System memory in use after: 71.0 MB.

Unloading 14 unused Assets to reduce memory usage. Loaded Objects now: 1989.
Total: 1.787000 ms (FindLiveObjects: 0.095900 ms CreateObjectMapping: 0.036800 ms MarkObjects: 1.642600 ms  DeleteObjects: 0.010900 ms)

AssetImportParameters requested are different than current active one (requested -> active):
  custom:framework-win-MediaFoundation: 216162199b28c13a410421893ffa2e32 -> 
  custom:video-decoder-ogg-theora: a1e56fd34408186e4bbccfd4996cb3dc -> 
  custom:container-muxer-webm: aa71ff27fc2769a1b78a27578f13a17b -> 
  custom:container-demuxer-webm: 4f35f7cbe854078d1ac9338744f61a02 -> 
  custom:container-demuxer-ogg: 62fdf1f143b41e24485cea50d1cbac27 -> 
  custom:video-encoder-webm-vp8: eb34c28f22e8b96e1ab97ce403110664 -> 
  custom:video-decoder-webm-vp8: 9c59270c3fd7afecdb556c50c9e8de78 -> 
  custom:audio-decoder-ogg-vorbis: bf7c407c2cedff20999df2af8eb42d56 -> 
  custom:audio-encoder-webm-vorbis: bf7c407c2cedff20999df2af8eb42d56 -> 
========================================================================
Received Import Request.
  Time since last request: 136.247832 seconds.
  path: Assets/Scripts/PlayerBehavior.cs
  artifactKey: Guid(a9821202eee8ea34c99faf6f94e1b341) Importer(815301076,1909f56bfc062723c751e8b465ee728b)
Start importing Assets/Scripts/PlayerBehavior.cs using Guid(a9821202eee8ea34c99faf6f94e1b341) Importer(815301076,1909f56bfc062723c751e8b465ee728b)  -> (artifact id: 'a3dbacd5e4920ce7c576346cb67267bb') in 1.031716 seconds 
  Import took 1.033500 seconds .

========================================================================
Received Import Request.
  Time since last request: 90.527369 seconds.
  path: Assets/Scripts/CameraBehavior.cs
  artifactKey: Guid(0787913b418185e46a599e0024249df5) Importer(815301076,1909f56bfc062723c751e8b465ee728b)
Start importing Assets/Scripts/CameraBehavior.cs using Guid(0787913b418185e46a599e0024249df5) Importer(815301076,1909f56bfc062723c751e8b465ee728b)  -> (artifact id: '200aeca3e222d56edd0d7bcb7d528167') in 0.003702 seconds 
  Import took 0.005504 seconds .

========================================================================
Received Prepare
Registering precompiled user dll's ...
Registered in 0.001966 seconds.
Begin MonoManager ReloadAssembly
Native extension for WindowsStandalone target not found
Native extension for WebGL target not found
Refreshing native plugins compatible for Editor in 0.26 ms, found 2 plugins.
Preloading 0 native plugins for Editor in 0.00 ms.
Mono: successfully reloaded assembly
- Completed reload, in  0.666 seconds
Domain Reload Profiling:
	ReloadAssembly (667ms)
		BeginReloadAssembly (86ms)
			ExecutionOrderSort (0ms)
			DisableScriptedObjects (3ms)
			BackupInstance (0ms)
			ReleaseScriptingObjects (0ms)
			CreateAndSetChildDomain (22ms)
		EndReloadAssembly (540ms)
			LoadAssemblies (59ms)
			RebuildTransferFunctionScriptingTraits (0ms)
			SetupTypeCache (199ms)
			ReleaseScriptCaches (1ms)
			RebuildScriptCaches (27ms)
			SetupLoadedEditorAssemblies (189ms)
				LogAssemblyErrors (0ms)
				InitializePlatformSupportModulesInManaged (4ms)
				SetLoadedEditorAssemblies (0ms)
				RefreshPlugins (0ms)
				BeforeProcessingInitializeOnLoad (47ms)
				ProcessInitializeOnLoadAttributes (130ms)
				ProcessInitializeOnLoadMethodAttributes (6ms)
				AfterProcessingInitializeOnLoad (2ms)
				EditorAssembliesLoaded (0ms)
			ExecutionOrderSort2 (0ms)
			AwakeInstancesAfterBackupRestoration (5ms)
Platform modules already initialized, skipping
Refreshing native plugins compatible for Editor in 0.23 ms, found 2 plugins.
Preloading 0 native plugins for Editor in 0.00 ms.
Unloading 1499 Unused Serialized files (Serialized files now loaded: 0)
System memory in use before: 70.9 MB.
System memory in use after: 71.0 MB.

Unloading 14 unused Assets to reduce memory usage. Loaded Objects now: 1992.
Total: 1.842500 ms (FindLiveObjects: 0.094400 ms CreateObjectMapping: 0.036300 ms MarkObjects: 1.698000 ms  DeleteObjects: 0.013200 ms)

AssetImportParameters requested are different than current active one (requested -> active):
  custom:framework-win-MediaFoundation: 216162199b28c13a410421893ffa2e32 -> 
  custom:video-decoder-ogg-theora: a1e56fd34408186e4bbccfd4996cb3dc -> 
  custom:container-muxer-webm: aa71ff27fc2769a1b78a27578f13a17b -> 
  custom:container-demuxer-webm: 4f35f7cbe854078d1ac9338744f61a02 -> 
  custom:container-demuxer-ogg: 62fdf1f143b41e24485cea50d1cbac27 -> 
  custom:video-encoder-webm-vp8: eb34c28f22e8b96e1ab97ce403110664 -> 
  custom:video-decoder-webm-vp8: 9c59270c3fd7afecdb556c50c9e8de78 -> 
  custom:audio-decoder-ogg-vorbis: bf7c407c2cedff20999df2af8eb42d56 -> 
  custom:audio-encoder-webm-vorbis: bf7c407c2cedff20999df2af8eb42d56 -> 
========================================================================
Received Import Request.
  Time since last request: 28.533649 seconds.
  path: Assets/Scripts/CameraBehavior.cs
  artifactKey: Guid(0787913b418185e46a599e0024249df5) Importer(815301076,1909f56bfc062723c751e8b465ee728b)
Start importing Assets/Scripts/CameraBehavior.cs using Guid(0787913b418185e46a599e0024249df5) Importer(815301076,1909f56bfc062723c751e8b465ee728b)  -> (artifact id: 'ec0ea11bfed288cbbf01f911c0d7aab9') in 0.002652 seconds 
  Import took 0.004374 seconds .

========================================================================
Received Prepare
Registering precompiled user dll's ...
Registered in 0.001894 seconds.
Begin MonoManager ReloadAssembly
Native extension for WindowsStandalone target not found
Native extension for WebGL target not found
Refreshing native plugins compatible for Editor in 0.26 ms, found 2 plugins.
Preloading 0 native plugins for Editor in 0.00 ms.
Mono: successfully reloaded assembly
- Completed reload, in  0.659 seconds
Domain Reload Profiling:
	ReloadAssembly (659ms)
		BeginReloadAssembly (81ms)
			ExecutionOrderSort (0ms)
			DisableScriptedObjects (3ms)
			BackupInstance (0ms)
			ReleaseScriptingObjects (0ms)
			CreateAndSetChildDomain (21ms)
		EndReloadAssembly (538ms)
			LoadAssemblies (57ms)
			RebuildTransferFunctionScriptingTraits (0ms)
			SetupTypeCache (197ms)
			ReleaseScriptCaches (1ms)
			RebuildScriptCaches (27ms)
			SetupLoadedEditorAssemblies (190ms)
				LogAssemblyErrors (0ms)
				InitializePlatformSupportModulesInManaged (4ms)
				SetLoadedEditorAssemblies (0ms)
				RefreshPlugins (0ms)
				BeforeProcessingInitializeOnLoad (48ms)
				ProcessInitializeOnLoadAttributes (130ms)
				ProcessInitializeOnLoadMethodAttributes (6ms)
				AfterProcessingInitializeOnLoad (2ms)
				EditorAssembliesLoaded (0ms)
			ExecutionOrderSort2 (0ms)
			AwakeInstancesAfterBackupRestoration (5ms)
Platform modules already initialized, skipping
Refreshing native plugins compatible for Editor in 0.23 ms, found 2 plugins.
Preloading 0 native plugins for Editor in 0.00 ms.
Unloading 1499 Unused Serialized files (Serialized files now loaded: 0)
System memory in use before: 70.9 MB.
System memory in use after: 71.0 MB.

Unloading 14 unused Assets to reduce memory usage. Loaded Objects now: 1994.
Total: 1.797900 ms (FindLiveObjects: 0.098300 ms CreateObjectMapping: 0.037700 ms MarkObjects: 1.650100 ms  DeleteObjects: 0.011100 ms)

AssetImportParameters requested are different than current active one (requested -> active):
  custom:framework-win-MediaFoundation: 216162199b28c13a410421893ffa2e32 -> 
  custom:video-decoder-ogg-theora: a1e56fd34408186e4bbccfd4996cb3dc -> 
  custom:container-muxer-webm: aa71ff27fc2769a1b78a27578f13a17b -> 
  custom:container-demuxer-webm: 4f35f7cbe854078d1ac9338744f61a02 -> 
  custom:container-demuxer-ogg: 62fdf1f143b41e24485cea50d1cbac27 -> 
  custom:video-encoder-webm-vp8: eb34c28f22e8b96e1ab97ce403110664 -> 
  custom:video-decoder-webm-vp8: 9c59270c3fd7afecdb556c50c9e8de78 -> 
  custom:audio-decoder-ogg-vorbis: bf7c407c2cedff20999df2af8eb42d56 -> 
  custom:audio-encoder-webm-vorbis: bf7c407c2cedff20999df2af8eb42d56 -> 
========================================================================
Received Prepare
Registering precompiled user dll's ...
Registered in 0.001807 seconds.
Begin MonoManager ReloadAssembly
Native extension for WindowsStandalone target not found
Native extension for WebGL target not found
Refreshing native plugins compatible for Editor in 0.25 ms, found 2 plugins.
Preloading 0 native plugins for Editor in 0.00 ms.
Mono: successfully reloaded assembly
- Completed reload, in  0.636 seconds
Domain Reload Profiling:
	ReloadAssembly (636ms)
		BeginReloadAssembly (70ms)
			ExecutionOrderSort (0ms)
			DisableScriptedObjects (3ms)
			BackupInstance (0ms)
			ReleaseScriptingObjects (0ms)
			CreateAndSetChildDomain (19ms)
		EndReloadAssembly (527ms)
			LoadAssemblies (56ms)
			RebuildTransferFunctionScriptingTraits (0ms)
			SetupTypeCache (190ms)
			ReleaseScriptCaches (1ms)
			RebuildScriptCaches (27ms)
			SetupLoadedEditorAssemblies (190ms)
				LogAssemblyErrors (0ms)
				InitializePlatformSupportModulesInManaged (4ms)
				SetLoadedEditorAssemblies (0ms)
				RefreshPlugins (0ms)
				BeforeProcessingInitializeOnLoad (48ms)
				ProcessInitializeOnLoadAttributes (130ms)
				ProcessInitializeOnLoadMethodAttributes (6ms)
				AfterProcessingInitializeOnLoad (2ms)
				EditorAssembliesLoaded (0ms)
			ExecutionOrderSort2 (0ms)
			AwakeInstancesAfterBackupRestoration (5ms)
Platform modules already initialized, skipping
Refreshing native plugins compatible for Editor in 0.20 ms, found 2 plugins.
Preloading 0 native plugins for Editor in 0.00 ms.
Unloading 1499 Unused Serialized files (Serialized files now loaded: 0)
System memory in use before: 70.9 MB.
System memory in use after: 71.1 MB.

Unloading 14 unused Assets to reduce memory usage. Loaded Objects now: 1996.
Total: 1.771200 ms (FindLiveObjects: 0.102200 ms CreateObjectMapping: 0.036300 ms MarkObjects: 1.621500 ms  DeleteObjects: 0.010400 ms)

AssetImportParameters requested are different than current active one (requested -> active):
  custom:framework-win-MediaFoundation: 216162199b28c13a410421893ffa2e32 -> 
  custom:video-decoder-ogg-theora: a1e56fd34408186e4bbccfd4996cb3dc -> 
  custom:container-muxer-webm: aa71ff27fc2769a1b78a27578f13a17b -> 
  custom:container-demuxer-webm: 4f35f7cbe854078d1ac9338744f61a02 -> 
  custom:container-demuxer-ogg: 62fdf1f143b41e24485cea50d1cbac27 -> 
  custom:video-encoder-webm-vp8: eb34c28f22e8b96e1ab97ce403110664 -> 
  custom:video-decoder-webm-vp8: 9c59270c3fd7afecdb556c50c9e8de78 -> 
  custom:audio-decoder-ogg-vorbis: bf7c407c2cedff20999df2af8eb42d56 -> 
  custom:audio-encoder-webm-vorbis: bf7c407c2cedff20999df2af8eb42d56 -> 
========================================================================
Received Import Request.
  Time since last request: 98.175364 seconds.
  path: Assets/Scripts/ItemBehavior.cs
  artifactKey: Guid(6def92de8acce8f4b9564f30e311b8cf) Importer(815301076,1909f56bfc062723c751e8b465ee728b)
Start importing Assets/Scripts/ItemBehavior.cs using Guid(6def92de8acce8f4b9564f30e311b8cf) Importer(815301076,1909f56bfc062723c751e8b465ee728b)  -> (artifact id: '825d2419fa5335a94478391f9d541ed1') in 0.005465 seconds 
  Import took 0.007450 seconds .

========================================================================
Received Prepare
Registering precompiled user dll's ...
Registered in 0.001879 seconds.
Begin MonoManager ReloadAssembly
Native extension for WindowsStandalone target not found
Native extension for WebGL target not found
Refreshing native plugins compatible for Editor in 0.26 ms, found 2 plugins.
Preloading 0 native plugins for Editor in 0.00 ms.
Mono: successfully reloaded assembly
- Completed reload, in  0.652 seconds
Domain Reload Profiling:
	ReloadAssembly (652ms)
		BeginReloadAssembly (73ms)
			ExecutionOrderSort (0ms)
			DisableScriptedObjects (3ms)
			BackupInstance (0ms)
			ReleaseScriptingObjects (0ms)
			CreateAndSetChildDomain (21ms)
		EndReloadAssembly (540ms)
			LoadAssemblies (57ms)
			RebuildTransferFunctionScriptingTraits (0ms)
			SetupTypeCache (200ms)
			ReleaseScriptCaches (1ms)
			RebuildScriptCaches (27ms)
			SetupLoadedEditorAssemblies (188ms)
				LogAssemblyErrors (0ms)
				InitializePlatformSupportModulesInManaged (4ms)
				SetLoadedEditorAssemblies (0ms)
				RefreshPlugins (0ms)
				BeforeProcessingInitializeOnLoad (47ms)
				ProcessInitializeOnLoadAttributes (130ms)
				ProcessInitializeOnLoadMethodAttributes (6ms)
				AfterProcessingInitializeOnLoad (2ms)
				EditorAssembliesLoaded (0ms)
			ExecutionOrderSort2 (0ms)
			AwakeInstancesAfterBackupRestoration (5ms)
Platform modules already initialized, skipping
Refreshing native plugins compatible for Editor in 0.24 ms, found 2 plugins.
Preloading 0 native plugins for Editor in 0.00 ms.
Unloading 1500 Unused Serialized files (Serialized files now loaded: 0)
System memory in use before: 71.0 MB.
System memory in use after: 71.1 MB.

Unloading 14 unused Assets to reduce memory usage. Loaded Objects now: 1999.
Total: 1.791700 ms (FindLiveObjects: 0.100100 ms CreateObjectMapping: 0.037200 ms MarkObjects: 1.643500 ms  DeleteObjects: 0.010100 ms)

AssetImportParameters requested are different than current active one (requested -> active):
  custom:framework-win-MediaFoundation: 216162199b28c13a410421893ffa2e32 -> 
  custom:video-decoder-ogg-theora: a1e56fd34408186e4bbccfd4996cb3dc -> 
  custom:container-muxer-webm: aa71ff27fc2769a1b78a27578f13a17b -> 
  custom:container-demuxer-webm: 4f35f7cbe854078d1ac9338744f61a02 -> 
  custom:container-demuxer-ogg: 62fdf1f143b41e24485cea50d1cbac27 -> 
  custom:video-encoder-webm-vp8: eb34c28f22e8b96e1ab97ce403110664 -> 
  custom:video-decoder-webm-vp8: 9c59270c3fd7afecdb556c50c9e8de78 -> 
  custom:audio-decoder-ogg-vorbis: bf7c407c2cedff20999df2af8eb42d56 -> 
  custom:audio-encoder-webm-vorbis: bf7c407c2cedff20999df2af8eb42d56 -> 
========================================================================
Received Import Request.
  Time since last request: 48.149379 seconds.
  path: Assets/Scripts/ItemBehavior.cs
  artifactKey: Guid(6def92de8acce8f4b9564f30e311b8cf) Importer(815301076,1909f56bfc062723c751e8b465ee728b)
Start importing Assets/Scripts/ItemBehavior.cs using Guid(6def92de8acce8f4b9564f30e311b8cf) Importer(815301076,1909f56bfc062723c751e8b465ee728b)  -> (artifact id: '49ec692294b1ccd8084f1e2d9f2f66f1') in 0.002786 seconds 
  Import took 0.004515 seconds .

========================================================================
Received Prepare
Registering precompiled user dll's ...
Registered in 0.001871 seconds.
Begin MonoManager ReloadAssembly
Native extension for WindowsStandalone target not found
Native extension for WebGL target not found
Refreshing native plugins compatible for Editor in 0.26 ms, found 2 plugins.
Preloading 0 native plugins for Editor in 0.00 ms.
Mono: successfully reloaded assembly
- Completed reload, in  0.671 seconds
Domain Reload Profiling:
	ReloadAssembly (671ms)
		BeginReloadAssembly (77ms)
			ExecutionOrderSort (0ms)
			DisableScriptedObjects (4ms)
			BackupInstance (0ms)
			ReleaseScriptingObjects (0ms)
			CreateAndSetChildDomain (26ms)
		EndReloadAssembly (553ms)
			LoadAssemblies (70ms)
			RebuildTransferFunctionScriptingTraits (0ms)
			SetupTypeCache (201ms)
			ReleaseScriptCaches (1ms)
			RebuildScriptCaches (27ms)
			SetupLoadedEditorAssemblies (189ms)
				LogAssemblyErrors (0ms)
				InitializePlatformSupportModulesInManaged (4ms)
				SetLoadedEditorAssemblies (0ms)
				RefreshPlugins (0ms)
				BeforeProcessingInitializeOnLoad (48ms)
				ProcessInitializeOnLoadAttributes (129ms)
				ProcessInitializeOnLoadMethodAttributes (6ms)
				AfterProcessingInitializeOnLoad (2ms)
				EditorAssembliesLoaded (0ms)
			ExecutionOrderSort2 (0ms)
			AwakeInstancesAfterBackupRestoration (5ms)
Platform modules already initialized, skipping
Refreshing native plugins compatible for Editor in 0.27 ms, found 2 plugins.
Preloading 0 native plugins for Editor in 0.00 ms.
Unloading 1500 Unused Serialized files (Serialized files now loaded: 0)
System memory in use before: 71.0 MB.
System memory in use after: 71.1 MB.

Unloading 14 unused Assets to reduce memory usage. Loaded Objects now: 2001.
Total: 1.877000 ms (FindLiveObjects: 0.109900 ms CreateObjectMapping: 0.039300 ms MarkObjects: 1.714900 ms  DeleteObjects: 0.012100 ms)

AssetImportParameters requested are different than current active one (requested -> active):
  custom:framework-win-MediaFoundation: 216162199b28c13a410421893ffa2e32 -> 
  custom:video-decoder-ogg-theora: a1e56fd34408186e4bbccfd4996cb3dc -> 
  custom:container-muxer-webm: aa71ff27fc2769a1b78a27578f13a17b -> 
  custom:container-demuxer-webm: 4f35f7cbe854078d1ac9338744f61a02 -> 
  custom:container-demuxer-ogg: 62fdf1f143b41e24485cea50d1cbac27 -> 
  custom:video-encoder-webm-vp8: eb34c28f22e8b96e1ab97ce403110664 -> 
  custom:video-decoder-webm-vp8: 9c59270c3fd7afecdb556c50c9e8de78 -> 
  custom:audio-decoder-ogg-vorbis: bf7c407c2cedff20999df2af8eb42d56 -> 
  custom:audio-encoder-webm-vorbis: bf7c407c2cedff20999df2af8eb42d56 -> 
========================================================================
Received Prepare
Registering precompiled user dll's ...
Registered in 0.001820 seconds.
Begin MonoManager ReloadAssembly
Native extension for WindowsStandalone target not found
Native extension for WebGL target not found
Refreshing native plugins compatible for Editor in 0.26 ms, found 2 plugins.
Preloading 0 native plugins for Editor in 0.00 ms.
Mono: successfully reloaded assembly
- Completed reload, in  0.647 seconds
Domain Reload Profiling:
	ReloadAssembly (647ms)
		BeginReloadAssembly (75ms)
			ExecutionOrderSort (0ms)
			DisableScriptedObjects (4ms)
			BackupInstance (0ms)
			ReleaseScriptingObjects (0ms)
			CreateAndSetChildDomain (20ms)
		EndReloadAssembly (532ms)
			LoadAssemblies (56ms)
			RebuildTransferFunctionScriptingTraits (0ms)
			SetupTypeCache (189ms)
			ReleaseScriptCaches (1ms)
			RebuildScriptCaches (26ms)
			SetupLoadedEditorAssemblies (194ms)
				LogAssemblyErrors (0ms)
				InitializePlatformSupportModulesInManaged (4ms)
				SetLoadedEditorAssemblies (0ms)
				RefreshPlugins (0ms)
				BeforeProcessingInitializeOnLoad (48ms)
				ProcessInitializeOnLoadAttributes (134ms)
				ProcessInitializeOnLoadMethodAttributes (6ms)
				AfterProcessingInitializeOnLoad (2ms)
				EditorAssembliesLoaded (0ms)
			ExecutionOrderSort2 (0ms)
			AwakeInstancesAfterBackupRestoration (5ms)
Platform modules already initialized, skipping
Refreshing native plugins compatible for Editor in 0.27 ms, found 2 plugins.
Preloading 0 native plugins for Editor in 0.00 ms.
Unloading 1500 Unused Serialized files (Serialized files now loaded: 0)
System memory in use before: 71.0 MB.
System memory in use after: 71.1 MB.

Unloading 14 unused Assets to reduce memory usage. Loaded Objects now: 2003.
Total: 1.813300 ms (FindLiveObjects: 0.099400 ms CreateObjectMapping: 0.035700 ms MarkObjects: 1.666300 ms  DeleteObjects: 0.011000 ms)

AssetImportParameters requested are different than current active one (requested -> active):
  custom:framework-win-MediaFoundation: 216162199b28c13a410421893ffa2e32 -> 
  custom:video-decoder-ogg-theora: a1e56fd34408186e4bbccfd4996cb3dc -> 
  custom:container-muxer-webm: aa71ff27fc2769a1b78a27578f13a17b -> 
  custom:container-demuxer-webm: 4f35f7cbe854078d1ac9338744f61a02 -> 
  custom:container-demuxer-ogg: 62fdf1f143b41e24485cea50d1cbac27 -> 
  custom:video-encoder-webm-vp8: eb34c28f22e8b96e1ab97ce403110664 -> 
  custom:video-decoder-webm-vp8: 9c59270c3fd7afecdb556c50c9e8de78 -> 
  custom:audio-decoder-ogg-vorbis: bf7c407c2cedff20999df2af8eb42d56 -> 
  custom:audio-encoder-webm-vorbis: bf7c407c2cedff20999df2af8eb42d56 -> 
========================================================================
Received Import Request.
  Time since last request: 242.038975 seconds.
  path: Assets/Material/Enemy_Mat.mat
  artifactKey: Guid(da353b17db639f64ab962879bf4b5ad4) Importer(815301076,1909f56bfc062723c751e8b465ee728b)
Start importing Assets/Material/Enemy_Mat.mat using Guid(da353b17db639f64ab962879bf4b5ad4) Importer(815301076,1909f56bfc062723c751e8b465ee728b)  -> (artifact id: '81869cf2b05ead82fb99c522bacb8c83') in 0.043479 seconds 
  Import took 0.045441 seconds .

========================================================================
Received Import Request.
  Time since last request: 41.628462 seconds.
  path: Assets/Scripts/EnemyBehavior.cs
  artifactKey: Guid(9d351395a8f85224d95fcfc343c0a9bb) Importer(815301076,1909f56bfc062723c751e8b465ee728b)
Start importing Assets/Scripts/EnemyBehavior.cs using Guid(9d351395a8f85224d95fcfc343c0a9bb) Importer(815301076,1909f56bfc062723c751e8b465ee728b)  -> (artifact id: '7f12c3630c7e43eeb01f7c6ec1008bc1') in 0.003695 seconds 
  Import took 0.005617 seconds .

========================================================================
Received Prepare
Registering precompiled user dll's ...
Registered in 0.001889 seconds.
Begin MonoManager ReloadAssembly
Native extension for WindowsStandalone target not found
Native extension for WebGL target not found
Refreshing native plugins compatible for Editor in 0.26 ms, found 2 plugins.
Preloading 0 native plugins for Editor in 0.00 ms.
Mono: successfully reloaded assembly
- Completed reload, in  0.666 seconds
Domain Reload Profiling:
	ReloadAssembly (666ms)
		BeginReloadAssembly (86ms)
			ExecutionOrderSort (0ms)
			DisableScriptedObjects (3ms)
			BackupInstance (0ms)
			ReleaseScriptingObjects (0ms)
			CreateAndSetChildDomain (22ms)
		EndReloadAssembly (542ms)
			LoadAssemblies (56ms)
			RebuildTransferFunctionScriptingTraits (0ms)
			SetupTypeCache (204ms)
			ReleaseScriptCaches (1ms)
			RebuildScriptCaches (27ms)
			SetupLoadedEditorAssemblies (188ms)
				LogAssemblyErrors (0ms)
				InitializePlatformSupportModulesInManaged (4ms)
				SetLoadedEditorAssemblies (0ms)
				RefreshPlugins (0ms)
				BeforeProcessingInitializeOnLoad (47ms)
				ProcessInitializeOnLoadAttributes (130ms)
				ProcessInitializeOnLoadMethodAttributes (6ms)
				AfterProcessingInitializeOnLoad (2ms)
				EditorAssembliesLoaded (0ms)
			ExecutionOrderSort2 (0ms)
			AwakeInstancesAfterBackupRestoration (5ms)
Platform modules already initialized, skipping
Refreshing native plugins compatible for Editor in 0.21 ms, found 2 plugins.
Preloading 0 native plugins for Editor in 0.00 ms.
Unloading 1501 Unused Serialized files (Serialized files now loaded: 0)
System memory in use before: 71.0 MB.
System memory in use after: 71.1 MB.

Unloading 14 unused Assets to reduce memory usage. Loaded Objects now: 2007.
Total: 1.835000 ms (FindLiveObjects: 0.101500 ms CreateObjectMapping: 0.036000 ms MarkObjects: 1.686200 ms  DeleteObjects: 0.010500 ms)

AssetImportParameters requested are different than current active one (requested -> active):
  custom:framework-win-MediaFoundation: 216162199b28c13a410421893ffa2e32 -> 
  custom:video-decoder-ogg-theora: a1e56fd34408186e4bbccfd4996cb3dc -> 
  custom:container-muxer-webm: aa71ff27fc2769a1b78a27578f13a17b -> 
  custom:container-demuxer-webm: 4f35f7cbe854078d1ac9338744f61a02 -> 
  custom:container-demuxer-ogg: 62fdf1f143b41e24485cea50d1cbac27 -> 
  custom:video-encoder-webm-vp8: eb34c28f22e8b96e1ab97ce403110664 -> 
  custom:video-decoder-webm-vp8: 9c59270c3fd7afecdb556c50c9e8de78 -> 
  custom:audio-decoder-ogg-vorbis: bf7c407c2cedff20999df2af8eb42d56 -> 
  custom:audio-encoder-webm-vorbis: bf7c407c2cedff20999df2af8eb42d56 -> 
========================================================================
Received Import Request.
  Time since last request: 28.636968 seconds.
  path: Assets/Scripts/EnemyBehavior.cs
  artifactKey: Guid(9d351395a8f85224d95fcfc343c0a9bb) Importer(815301076,1909f56bfc062723c751e8b465ee728b)
Start importing Assets/Scripts/EnemyBehavior.cs using Guid(9d351395a8f85224d95fcfc343c0a9bb) Importer(815301076,1909f56bfc062723c751e8b465ee728b)  -> (artifact id: '1798454a0cf669c4328e3b969c5c372f') in 0.003392 seconds 
  Import took 0.005523 seconds .

========================================================================
Received Prepare
Registering precompiled user dll's ...
Registered in 0.001932 seconds.
Begin MonoManager ReloadAssembly
Native extension for WindowsStandalone target not found
Native extension for WebGL target not found
Refreshing native plugins compatible for Editor in 0.25 ms, found 2 plugins.
Preloading 0 native plugins for Editor in 0.00 ms.
Mono: successfully reloaded assembly
- Completed reload, in  0.646 seconds
Domain Reload Profiling:
	ReloadAssembly (646ms)
		BeginReloadAssembly (72ms)
			ExecutionOrderSort (0ms)
			DisableScriptedObjects (3ms)
			BackupInstance (0ms)
			ReleaseScriptingObjects (0ms)
			CreateAndSetChildDomain (22ms)
		EndReloadAssembly (535ms)
			LoadAssemblies (56ms)
			RebuildTransferFunctionScriptingTraits (0ms)
			SetupTypeCache (197ms)
			ReleaseScriptCaches (1ms)
			RebuildScriptCaches (27ms)
			SetupLoadedEditorAssemblies (189ms)
				LogAssemblyErrors (0ms)
				InitializePlatformSupportModulesInManaged (4ms)
				SetLoadedEditorAssemblies (0ms)
				RefreshPlugins (0ms)
				BeforeProcessingInitializeOnLoad (47ms)
				ProcessInitializeOnLoadAttributes (130ms)
				ProcessInitializeOnLoadMethodAttributes (6ms)
				AfterProcessingInitializeOnLoad (2ms)
				EditorAssembliesLoaded (0ms)
			ExecutionOrderSort2 (0ms)
			AwakeInstancesAfterBackupRestoration (5ms)
Platform modules already initialized, skipping
Refreshing native plugins compatible for Editor in 0.23 ms, found 2 plugins.
Preloading 0 native plugins for Editor in 0.00 ms.
Unloading 1501 Unused Serialized files (Serialized files now loaded: 0)
System memory in use before: 71.0 MB.
System memory in use after: 71.1 MB.

Unloading 14 unused Assets to reduce memory usage. Loaded Objects now: 2009.
Total: 1.817400 ms (FindLiveObjects: 0.094800 ms CreateObjectMapping: 0.035900 ms MarkObjects: 1.675600 ms  DeleteObjects: 0.010500 ms)

AssetImportParameters requested are different than current active one (requested -> active):
  custom:framework-win-MediaFoundation: 216162199b28c13a410421893ffa2e32 -> 
  custom:video-decoder-ogg-theora: a1e56fd34408186e4bbccfd4996cb3dc -> 
  custom:container-muxer-webm: aa71ff27fc2769a1b78a27578f13a17b -> 
  custom:container-demuxer-webm: 4f35f7cbe854078d1ac9338744f61a02 -> 
  custom:container-demuxer-ogg: 62fdf1f143b41e24485cea50d1cbac27 -> 
  custom:video-encoder-webm-vp8: eb34c28f22e8b96e1ab97ce403110664 -> 
  custom:video-decoder-webm-vp8: 9c59270c3fd7afecdb556c50c9e8de78 -> 
  custom:audio-decoder-ogg-vorbis: bf7c407c2cedff20999df2af8eb42d56 -> 
  custom:audio-encoder-webm-vorbis: bf7c407c2cedff20999df2af8eb42d56 -> 
========================================================================
Received Import Request.
  Time since last request: 18.072111 seconds.
  path: Assets/Prefabs/Enemy.prefab
  artifactKey: Guid(14b14c9c005679f4e8af774aad88d023) Importer(815301076,1909f56bfc062723c751e8b465ee728b)
Start importing Assets/Prefabs/Enemy.prefab using Guid(14b14c9c005679f4e8af774aad88d023) Importer(815301076,1909f56bfc062723c751e8b465ee728b)  -> (artifact id: '86d58f942c8a8cd14b754f9ab6b255f8') in 0.037939 seconds 
  Import took 0.039878 seconds .

========================================================================
Received Prepare
Registering precompiled user dll's ...
Registered in 0.002018 seconds.
Begin MonoManager ReloadAssembly
Native extension for WindowsStandalone target not found
Native extension for WebGL target not found
Refreshing native plugins compatible for Editor in 0.27 ms, found 2 plugins.
Preloading 0 native plugins for Editor in 0.00 ms.
Mono: successfully reloaded assembly
- Completed reload, in  0.678 seconds
Domain Reload Profiling:
	ReloadAssembly (678ms)
		BeginReloadAssembly (87ms)
			ExecutionOrderSort (0ms)
			DisableScriptedObjects (3ms)
			BackupInstance (0ms)
			ReleaseScriptingObjects (0ms)
			CreateAndSetChildDomain (22ms)
		EndReloadAssembly (551ms)
			LoadAssemblies (59ms)
			RebuildTransferFunctionScriptingTraits (0ms)
			SetupTypeCache (200ms)
			ReleaseScriptCaches (1ms)
			RebuildScriptCaches (27ms)
			SetupLoadedEditorAssemblies (197ms)
				LogAssemblyErrors (0ms)
				InitializePlatformSupportModulesInManaged (4ms)
				SetLoadedEditorAssemblies (0ms)
				RefreshPlugins (0ms)
				BeforeProcessingInitializeOnLoad (48ms)
				ProcessInitializeOnLoadAttributes (137ms)
				ProcessInitializeOnLoadMethodAttributes (6ms)
				AfterProcessingInitializeOnLoad (2ms)
				EditorAssembliesLoaded (0ms)
			ExecutionOrderSort2 (0ms)
			AwakeInstancesAfterBackupRestoration (5ms)
Platform modules already initialized, skipping
Refreshing native plugins compatible for Editor in 0.26 ms, found 2 plugins.
Preloading 0 native plugins for Editor in 0.00 ms.
Unloading 1501 Unused Serialized files (Serialized files now loaded: 0)
System memory in use before: 71.0 MB.
System memory in use after: 71.1 MB.

Unloading 14 unused Assets to reduce memory usage. Loaded Objects now: 2012.
Total: 1.935900 ms (FindLiveObjects: 0.102100 ms CreateObjectMapping: 0.037200 ms MarkObjects: 1.784000 ms  DeleteObjects: 0.011600 ms)

AssetImportParameters requested are different than current active one (requested -> active):
  custom:framework-win-MediaFoundation: 216162199b28c13a410421893ffa2e32 -> 
  custom:video-decoder-ogg-theora: a1e56fd34408186e4bbccfd4996cb3dc -> 
  custom:container-muxer-webm: aa71ff27fc2769a1b78a27578f13a17b -> 
  custom:container-demuxer-webm: 4f35f7cbe854078d1ac9338744f61a02 -> 
  custom:container-demuxer-ogg: 62fdf1f143b41e24485cea50d1cbac27 -> 
  custom:video-encoder-webm-vp8: eb34c28f22e8b96e1ab97ce403110664 -> 
  custom:video-decoder-webm-vp8: 9c59270c3fd7afecdb556c50c9e8de78 -> 
  custom:audio-decoder-ogg-vorbis: bf7c407c2cedff20999df2af8eb42d56 -> 
  custom:audio-encoder-webm-vorbis: bf7c407c2cedff20999df2af8eb42d56 -> 
========================================================================
Received Import Request.
  Time since last request: 157.232480 seconds.
  path: Assets/Prefabs/AmmoBox.prefab
  artifactKey: Guid(3f0ae4b833ebf734a8c615279925d4d3) Importer(815301076,1909f56bfc062723c751e8b465ee728b)
Start importing Assets/Prefabs/AmmoBox.prefab using Guid(3f0ae4b833ebf734a8c615279925d4d3) Importer(815301076,1909f56bfc062723c751e8b465ee728b)  -> (artifact id: '864f6bfd42c461f16b4490fdd5981e5b') in 0.039828 seconds 
  Import took 0.041702 seconds .

========================================================================
Received Import Request.
  Time since last request: 7.433742 seconds.
  path: Assets/Prefabs/HealthPickup.prefab
  artifactKey: Guid(26b4408c31ae1f84ab6ced8c49506b49) Importer(815301076,1909f56bfc062723c751e8b465ee728b)
Start importing Assets/Prefabs/HealthPickup.prefab using Guid(26b4408c31ae1f84ab6ced8c49506b49) Importer(815301076,1909f56bfc062723c751e8b465ee728b)  -> (artifact id: '8074331a903219e164cf34c4065cc248') in 0.005361 seconds 
  Import took 0.007247 seconds .

========================================================================
Received Import Request.
  Time since last request: 5.400724 seconds.
  path: Assets/Prefabs/PowerUp.prefab
  artifactKey: Guid(8946b678bfe8d5e43b6f5122e7a710d8) Importer(815301076,1909f56bfc062723c751e8b465ee728b)
Start importing Assets/Prefabs/PowerUp.prefab using Guid(8946b678bfe8d5e43b6f5122e7a710d8) Importer(815301076,1909f56bfc062723c751e8b465ee728b)  -> (artifact id: '028f97fcdbab6e6b4a091a0f272d6d27') in 0.012062 seconds 
  Import took 0.013891 seconds .

========================================================================
Received Import Request.
  Time since last request: 8.950160 seconds.
  path: Assets/Prefabs/Enemy.prefab
  artifactKey: Guid(14b14c9c005679f4e8af774aad88d023) Importer(815301076,1909f56bfc062723c751e8b465ee728b)
Start importing Assets/Prefabs/Enemy.prefab using Guid(14b14c9c005679f4e8af774aad88d023) Importer(815301076,1909f56bfc062723c751e8b465ee728b)  -> (artifact id: '488f7ba77cd991d5d2070fd0f8006349') in 0.006965 seconds 
  Import took 0.008811 seconds .

========================================================================
Received Import Request.
  Time since last request: 9.759629 seconds.
  path: Assets/Prefabs/Enemy.prefab
  artifactKey: Guid(14b14c9c005679f4e8af774aad88d023) Importer(815301076,1909f56bfc062723c751e8b465ee728b)
Start importing Assets/Prefabs/Enemy.prefab using Guid(14b14c9c005679f4e8af774aad88d023) Importer(815301076,1909f56bfc062723c751e8b465ee728b)  -> (artifact id: 'dfec8283040cc85cbb100bc52d343050') in 0.010497 seconds 
  Import took 0.012304 seconds .

========================================================================
Received Prepare
Registering precompiled user dll's ...
Registered in 0.001959 seconds.
Begin MonoManager ReloadAssembly
Native extension for WindowsStandalone target not found
Native extension for WebGL target not found
Refreshing native plugins compatible for Editor in 0.26 ms, found 2 plugins.
Preloading 0 native plugins for Editor in 0.00 ms.
Mono: successfully reloaded assembly
- Completed reload, in  0.644 seconds
Domain Reload Profiling:
	ReloadAssembly (644ms)
		BeginReloadAssembly (79ms)
			ExecutionOrderSort (0ms)
			DisableScriptedObjects (3ms)
			BackupInstance (0ms)
			ReleaseScriptingObjects (0ms)
			CreateAndSetChildDomain (21ms)
		EndReloadAssembly (525ms)
			LoadAssemblies (56ms)
			RebuildTransferFunctionScriptingTraits (0ms)
			SetupTypeCache (190ms)
			ReleaseScriptCaches (1ms)
			RebuildScriptCaches (27ms)
			SetupLoadedEditorAssemblies (187ms)
				LogAssemblyErrors (0ms)
				InitializePlatformSupportModulesInManaged (4ms)
				SetLoadedEditorAssemblies (0ms)
				RefreshPlugins (0ms)
				BeforeProcessingInitializeOnLoad (47ms)
				ProcessInitializeOnLoadAttributes (128ms)
				ProcessInitializeOnLoadMethodAttributes (6ms)
				AfterProcessingInitializeOnLoad (2ms)
				EditorAssembliesLoaded (0ms)
			ExecutionOrderSort2 (0ms)
			AwakeInstancesAfterBackupRestoration (5ms)
Platform modules already initialized, skipping
Refreshing native plugins compatible for Editor in 0.25 ms, found 2 plugins.
Preloading 0 native plugins for Editor in 0.00 ms.
Unloading 1501 Unused Serialized files (Serialized files now loaded: 0)
System memory in use before: 71.1 MB.
System memory in use after: 71.2 MB.

Unloading 15 unused Assets to reduce memory usage. Loaded Objects now: 2015.
Total: 1.793900 ms (FindLiveObjects: 0.098600 ms CreateObjectMapping: 0.037900 ms MarkObjects: 1.644100 ms  DeleteObjects: 0.012800 ms)

AssetImportParameters requested are different than current active one (requested -> active):
  custom:framework-win-MediaFoundation: 216162199b28c13a410421893ffa2e32 -> 
  custom:video-decoder-ogg-theora: a1e56fd34408186e4bbccfd4996cb3dc -> 
  custom:container-muxer-webm: aa71ff27fc2769a1b78a27578f13a17b -> 
  custom:container-demuxer-webm: 4f35f7cbe854078d1ac9338744f61a02 -> 
  custom:container-demuxer-ogg: 62fdf1f143b41e24485cea50d1cbac27 -> 
  custom:video-encoder-webm-vp8: eb34c28f22e8b96e1ab97ce403110664 -> 
  custom:video-decoder-webm-vp8: 9c59270c3fd7afecdb556c50c9e8de78 -> 
  custom:audio-decoder-ogg-vorbis: bf7c407c2cedff20999df2af8eb42d56 -> 
  custom:audio-encoder-webm-vorbis: bf7c407c2cedff20999df2af8eb42d56 -> 
========================================================================
Received Prepare
Refreshing native plugins compatible for Editor in 1.67 ms, found 2 plugins.
Preloading 0 native plugins for Editor in 0.00 ms.
Unloading 12 Unused Serialized files (Serialized files now loaded: 0)
System memory in use before: 41.6 MB.
System memory in use after: 41.7 MB.

Unloading 12 unused Assets to reduce memory usage. Loaded Objects now: 2015.
Total: 1.900900 ms (FindLiveObjects: 0.120300 ms CreateObjectMapping: 0.042000 ms MarkObjects: 1.728500 ms  DeleteObjects: 0.009500 ms)

AssetImportParameters requested are different than current active one (requested -> active):
  custom:framework-win-MediaFoundation: 216162199b28c13a410421893ffa2e32 -> 
  custom:video-decoder-ogg-theora: a1e56fd34408186e4bbccfd4996cb3dc -> 
  custom:container-muxer-webm: aa71ff27fc2769a1b78a27578f13a17b -> 
  custom:container-demuxer-webm: 4f35f7cbe854078d1ac9338744f61a02 -> 
  custom:container-demuxer-ogg: 62fdf1f143b41e24485cea50d1cbac27 -> 
  custom:video-encoder-webm-vp8: eb34c28f22e8b96e1ab97ce403110664 -> 
  custom:video-decoder-webm-vp8: 9c59270c3fd7afecdb556c50c9e8de78 -> 
  custom:audio-decoder-ogg-vorbis: bf7c407c2cedff20999df2af8eb42d56 -> 
  custom:audio-encoder-webm-vorbis: bf7c407c2cedff20999df2af8eb42d56 -> 
========================================================================
Received Prepare
Refreshing native plugins compatible for Editor in 1.61 ms, found 2 plugins.
Preloading 0 native plugins for Editor in 0.00 ms.
Unloading 12 Unused Serialized files (Serialized files now loaded: 0)
System memory in use before: 41.6 MB.
System memory in use after: 41.7 MB.

Unloading 12 unused Assets to reduce memory usage. Loaded Objects now: 2015.
Total: 2.026400 ms (FindLiveObjects: 0.094100 ms CreateObjectMapping: 0.034900 ms MarkObjects: 1.889300 ms  DeleteObjects: 0.007600 ms)

AssetImportParameters requested are different than current active one (requested -> active):
  custom:framework-win-MediaFoundation: 216162199b28c13a410421893ffa2e32 -> 
  custom:video-decoder-ogg-theora: a1e56fd34408186e4bbccfd4996cb3dc -> 
  custom:container-muxer-webm: aa71ff27fc2769a1b78a27578f13a17b -> 
  custom:container-demuxer-webm: 4f35f7cbe854078d1ac9338744f61a02 -> 
  custom:container-demuxer-ogg: 62fdf1f143b41e24485cea50d1cbac27 -> 
  custom:video-encoder-webm-vp8: eb34c28f22e8b96e1ab97ce403110664 -> 
  custom:video-decoder-webm-vp8: 9c59270c3fd7afecdb556c50c9e8de78 -> 
  custom:audio-decoder-ogg-vorbis: bf7c407c2cedff20999df2af8eb42d56 -> 
  custom:audio-encoder-webm-vorbis: bf7c407c2cedff20999df2af8eb42d56 -> 
